lerna(verbose) GitUtilities.isInitialized    ()
lerna(verbose) GitUtilities.isInitialized    () => true
lerna(verbose) GitUtilities.getTopLevelDirectory()
lerna(verbose) GitUtilities.getTopLevelDirectory() => "."
lerna(verbose) FileSystemUtilities.existsSync("./lerna.json")
lerna(verbose) FileSystemUtilities.existsSync("./lerna.json") => true
lerna(verbose) FileSystemUtilities.readFileSync("./lerna.json")
lerna(verbose) FileSystemUtilities.readFileSync("./lerna.json") => "{\n  \"lerna\": \"2.0.0-beta.32\",\n  \"version\": \"0.0.2\",\n  \"packages\": [\n    \"packages/*\"\n  ]\n}"
lerna(verbose) FileSystemUtilities.existsSync("./package.json")
lerna(verbose) FileSystemUtilities.existsSync("./package.json") => true
lerna(verbose) FileSystemUtilities.readFileSync("./package.json")
lerna(verbose) FileSystemUtilities.readFileSync("./package.json") => "{\n  \"devDependencies\": {\n    \"lerna\": \"2.0.0-beta.32\"\n  }\n}"
lerna(info)    Lerna v2.0.0-beta.32
lerna(verbose) FileSystemUtilities.existsSync("./package.json")
lerna(verbose) FileSystemUtilities.existsSync("./package.json") => true
lerna(verbose) FileSystemUtilities.existsSync("./lerna.json")
lerna(verbose) FileSystemUtilities.existsSync("./lerna.json") => true
lerna(verbose) FileSystemUtilities.existsSync("./VERSION")
lerna(verbose) FileSystemUtilities.existsSync("./VERSION") => false
lerna(verbose) FileSystemUtilities.existsSync("./packages/rad-card/package.json")
lerna(verbose) FileSystemUtilities.existsSync("./packages/rad-card/package.json") => true
lerna(verbose) FileSystemUtilities.existsSync("./packages/rad-codehighlighter/package.json")
lerna(verbose) FileSystemUtilities.existsSync("./packages/rad-codehighlighter/package.json") => true
lerna(verbose) FileSystemUtilities.existsSync("./packages/rad-components/package.json")
lerna(verbose) FileSystemUtilities.existsSync("./packages/rad-components/package.json") => true
lerna(verbose) FileSystemUtilities.existsSync("./packages/rad-modal/package.json")
lerna(verbose) FileSystemUtilities.existsSync("./packages/rad-modal/package.json") => true
lerna(verbose) FileSystemUtilities.existsSync("./packages/rad-navbar/package.json")
lerna(verbose) FileSystemUtilities.existsSync("./packages/rad-navbar/package.json") => true
lerna(verbose) FileSystemUtilities.existsSync("./packages/rad-navdrawer/package.json")
lerna(verbose) FileSystemUtilities.existsSync("./packages/rad-navdrawer/package.json") => true
lerna(verbose) FileSystemUtilities.existsSync("./packages/rad-notification/package.json")
lerna(verbose) FileSystemUtilities.existsSync("./packages/rad-notification/package.json") => true
lerna(verbose) FileSystemUtilities.existsSync("./packages/rad-popover/package.json")
lerna(verbose) FileSystemUtilities.existsSync("./packages/rad-popover/package.json") => true
lerna(verbose) FileSystemUtilities.existsSync("./packages/rad-stepper/package.json")
lerna(verbose) FileSystemUtilities.existsSync("./packages/rad-stepper/package.json") => true
lerna(verbose) FileSystemUtilities.existsSync("./packages/rad-tabs/package.json")
lerna(verbose) FileSystemUtilities.existsSync("./packages/rad-tabs/package.json") => true
lerna(verbose) Attempting running PublishCommand.initialize
lerna(info)    Current version: 0.0.2
lerna(info)    Checking for updated packages...
lerna(verbose) GitUtilities.hasTags          ()
lerna(verbose) GitUtilities.hasTags          () => true
lerna(verbose) GitUtilities.getLastTaggedCommit()
lerna(verbose) GitUtilities.getLastTaggedCommit() => "c8089987032de2f94abd1bbdf5ce12ce38b65648"
lerna(verbose) GitUtilities.describeTag      ("c8089987032de2f94abd1bbdf5ce12ce38b65648")
lerna(verbose) GitUtilities.describeTag      ("c8089987032de2f94abd1bbdf5ce12ce38b65648") => "v0.0.1"
lerna(verbose) GitUtilities.diffSinceIn      ("v0.0.1", "./packages/rad-card")
lerna(verbose) GitUtilities.diffSinceIn      ("v0.0.1", "./packages/rad-card") => "packages/rad-card/.babelrc\npackages/rad-card/.flowconfig\npackages/rad-card/.gitignore\npackages/rad-card/.npmignore\npackages/rad-card/.travis.yml\npackages/rad-card/LICENSE\npackages/rad-card/README.md\npackages/rad-card/__tests__/index.test.js\npackages/rad-card/package.json\npackages/rad-card/rollup.config.js\npackages/rad-card/src/Card.js\npackages/rad-card/yarn.lock"
lerna(verbose) GitUtilities.diffSinceIn      ("v0.0.1", "./packages/rad-codehighlighter")
lerna(verbose) GitUtilities.diffSinceIn      ("v0.0.1", "./packages/rad-codehighlighter") => "packages/rad-codehighlighter/.babelrc\npackages/rad-codehighlighter/.flowconfig\npackages/rad-codehighlighter/.gitignore\npackages/rad-codehighlighter/.npmignore\npackages/rad-codehighlighter/.travis.yml\npackages/rad-codehighlighter/LICENSE\npackages/rad-codehighlighter/README.md\npackages/rad-codehighlighter/__tests__/index.test.js\npackages/rad-codehighlighter/package.json\npackages/rad-codehighlighter/rollup.config.js\npackages/rad-codehighlighter/src/Codehighlighter.js\npackages/rad-codehighlighter/yarn.lock"
lerna(verbose) GitUtilities.diffSinceIn      ("v0.0.1", "./packages/rad-components")
lerna(verbose) GitUtilities.diffSinceIn      ("v0.0.1", "./packages/rad-components") => "packages/rad-components/.babelrc\npackages/rad-components/.flowconfig\npackages/rad-components/.gitignore\npackages/rad-components/.npmignore\npackages/rad-components/.travis.yml\npackages/rad-components/LICENSE\npackages/rad-components/README.md\npackages/rad-components/__tests__/index.test.js\npackages/rad-components/package.json\npackages/rad-components/rollup.config.js\npackages/rad-components/src/components.js\npackages/rad-components/yarn.lock"
lerna(verbose) GitUtilities.diffSinceIn      ("v0.0.1", "./packages/rad-modal")
lerna(verbose) GitUtilities.diffSinceIn      ("v0.0.1", "./packages/rad-modal") => "packages/rad-modal/.babelrc\npackages/rad-modal/.flowconfig\npackages/rad-modal/.gitignore\npackages/rad-modal/.npmignore\npackages/rad-modal/.travis.yml\npackages/rad-modal/LICENSE\npackages/rad-modal/README.md\npackages/rad-modal/__tests__/index.test.js\npackages/rad-modal/package.json\npackages/rad-modal/rollup.config.js\npackages/rad-modal/src/Modal.js\npackages/rad-modal/yarn.lock"
lerna(verbose) GitUtilities.diffSinceIn      ("v0.0.1", "./packages/rad-navbar")
lerna(verbose) GitUtilities.diffSinceIn      ("v0.0.1", "./packages/rad-navbar") => "packages/rad-navbar/.babelrc\npackages/rad-navbar/.flowconfig\npackages/rad-navbar/.gitignore\npackages/rad-navbar/.npmignore\npackages/rad-navbar/.travis.yml\npackages/rad-navbar/LICENSE\npackages/rad-navbar/README.md\npackages/rad-navbar/__tests__/index.test.js\npackages/rad-navbar/package.json\npackages/rad-navbar/rollup.config.js\npackages/rad-navbar/src/Navbar.js\npackages/rad-navbar/yarn.lock"
lerna(verbose) GitUtilities.diffSinceIn      ("v0.0.1", "./packages/rad-navdrawer")
lerna(verbose) GitUtilities.diffSinceIn      ("v0.0.1", "./packages/rad-navdrawer") => "packages/rad-navdrawer/.babelrc\npackages/rad-navdrawer/.flowconfig\npackages/rad-navdrawer/.gitignore\npackages/rad-navdrawer/.npmignore\npackages/rad-navdrawer/.travis.yml\npackages/rad-navdrawer/LICENSE\npackages/rad-navdrawer/README.md\npackages/rad-navdrawer/__tests__/index.test.js\npackages/rad-navdrawer/package.json\npackages/rad-navdrawer/rollup.config.js\npackages/rad-navdrawer/src/Navdrawer.js\npackages/rad-navdrawer/yarn.lock"
lerna(verbose) GitUtilities.diffSinceIn      ("v0.0.1", "./packages/rad-notification")
lerna(verbose) GitUtilities.diffSinceIn      ("v0.0.1", "./packages/rad-notification") => "packages/rad-notification/.babelrc\npackages/rad-notification/.flowconfig\npackages/rad-notification/.gitignore\npackages/rad-notification/.npmignore\npackages/rad-notification/.travis.yml\npackages/rad-notification/LICENSE\npackages/rad-notification/README.md\npackages/rad-notification/__tests__/index.test.js\npackages/rad-notification/package.json\npackages/rad-notification/rollup.config.js\npackages/rad-notification/src/Notification.js\npackages/rad-notification/yarn.lock"
lerna(verbose) GitUtilities.diffSinceIn      ("v0.0.1", "./packages/rad-popover")
lerna(verbose) GitUtilities.diffSinceIn      ("v0.0.1", "./packages/rad-popover") => "packages/rad-popover/.babelrc\npackages/rad-popover/.flowconfig\npackages/rad-popover/.gitignore\npackages/rad-popover/.npmignore\npackages/rad-popover/.travis.yml\npackages/rad-popover/LICENSE\npackages/rad-popover/README.md\npackages/rad-popover/__tests__/index.test.js\npackages/rad-popover/package.json\npackages/rad-popover/rollup.config.js\npackages/rad-popover/src/Popover.js\npackages/rad-popover/yarn.lock"
lerna(verbose) GitUtilities.diffSinceIn      ("v0.0.1", "./packages/rad-stepper")
lerna(verbose) GitUtilities.diffSinceIn      ("v0.0.1", "./packages/rad-stepper") => "packages/rad-stepper/.babelrc\npackages/rad-stepper/.flowconfig\npackages/rad-stepper/.gitignore\npackages/rad-stepper/.npmignore\npackages/rad-stepper/.travis.yml\npackages/rad-stepper/LICENSE\npackages/rad-stepper/README.md\npackages/rad-stepper/__tests__/index.test.js\npackages/rad-stepper/package.json\npackages/rad-stepper/rollup.config.js\npackages/rad-stepper/src/Stepper.js\npackages/rad-stepper/yarn.lock"
lerna(verbose) GitUtilities.diffSinceIn      ("v0.0.1", "./packages/rad-tabs")
lerna(verbose) GitUtilities.diffSinceIn      ("v0.0.1", "./packages/rad-tabs") => "packages/rad-tabs/.babelrc\npackages/rad-tabs/.flowconfig\npackages/rad-tabs/.gitignore\npackages/rad-tabs/.npmignore\npackages/rad-tabs/.travis.yml\npackages/rad-tabs/LICENSE\npackages/rad-tabs/README.md\npackages/rad-tabs/__tests__/index.test.js\npackages/rad-tabs/package.json\npackages/rad-tabs/rollup.config.js\npackages/rad-tabs/src/Tabs.js\npackages/rad-tabs/yarn.lock"
lerna(info)    Changes:
lerna(info)    - rad-card: 0.0.2 => 0.0.3
- rad-codehighlighter: 0.0.2 => 0.0.3
- rad-components: 0.0.2 => 0.0.3
- rad-modal: 0.0.2 => 0.0.3
- rad-navbar: 0.0.2 => 0.0.3
- rad-navdrawer: 0.0.2 => 0.0.3
- rad-notification: 0.0.2 => 0.0.3
- rad-popover: 0.0.2 => 0.0.3
- rad-stepper: 0.0.2 => 0.0.3
- rad-tabs: 0.0.2 => 0.0.3
lerna(verbose) Successfully ran PublishCommand.initialize
lerna(verbose) Attempting running PublishCommand.execute
lerna(verbose) FileSystemUtilities.writeFileSync("./lerna.json", "{\n  \"lerna\": \"2.0.0-beta.32\",\n  \"version\": \"0.0.3\",\n  \"packages\": [\n ...)
lerna(verbose) FileSystemUtilities.writeFileSync("./lerna.json", "{\n  \"lerna\": \"2.0.0-beta.32\",\n  \"version\": \"0.0.3\",\n  \"packages\": [\n ...) => 
lerna(verbose) GitUtilities.addFile          ("./lerna.json")
lerna(verbose) GitUtilities.addFile          ("./lerna.json") => 
lerna(verbose) FileSystemUtilities.writeFileSync("./packages/rad-card/package.json", "{\n  \"name\": \"rad-card\",\n  \"version\": \"0.0.3\",\n  \"de...)
lerna(verbose) FileSystemUtilities.writeFileSync("./packages/rad-card/package.json", "{\n  \"name\": \"rad-card\",\n  \"version\": \"0.0.3\",\n  \"de...) => 
lerna(verbose) FileSystemUtilities.writeFileSync("./packages/rad-codehighlighter/package.json", "{\n  \"name\": \"rad-codehighlighter\",\n  \"version...)
lerna(verbose) FileSystemUtilities.writeFileSync("./packages/rad-codehighlighter/package.json", "{\n  \"name\": \"rad-codehighlighter\",\n  \"version...) => 
lerna(verbose) FileSystemUtilities.writeFileSync("./packages/rad-components/package.json", "{\n  \"name\": \"rad-components\",\n  \"version\": \"0.0....)
lerna(verbose) FileSystemUtilities.writeFileSync("./packages/rad-components/package.json", "{\n  \"name\": \"rad-components\",\n  \"version\": \"0.0....) => 
lerna(verbose) FileSystemUtilities.writeFileSync("./packages/rad-modal/package.json", "{\n  \"name\": \"rad-modal\",\n  \"version\": \"0.0.3\",\n  \"...)
lerna(verbose) FileSystemUtilities.writeFileSync("./packages/rad-modal/package.json", "{\n  \"name\": \"rad-modal\",\n  \"version\": \"0.0.3\",\n  \"...) => 
lerna(verbose) FileSystemUtilities.writeFileSync("./packages/rad-navbar/package.json", "{\n  \"name\": \"rad-navbar\",\n  \"version\": \"0.0.3\",\n  ...)
lerna(verbose) FileSystemUtilities.writeFileSync("./packages/rad-navbar/package.json", "{\n  \"name\": \"rad-navbar\",\n  \"version\": \"0.0.3\",\n  ...) => 
lerna(verbose) FileSystemUtilities.writeFileSync("./packages/rad-navdrawer/package.json", "{\n  \"name\": \"rad-navdrawer\",\n  \"version\": \"0.0.3\...)
lerna(verbose) FileSystemUtilities.writeFileSync("./packages/rad-navdrawer/package.json", "{\n  \"name\": \"rad-navdrawer\",\n  \"version\": \"0.0.3\...) => 
lerna(verbose) FileSystemUtilities.writeFileSync("./packages/rad-notification/package.json", "{\n  \"name\": \"rad-notification\",\n  \"version\": \"...)
lerna(verbose) FileSystemUtilities.writeFileSync("./packages/rad-notification/package.json", "{\n  \"name\": \"rad-notification\",\n  \"version\": \"...) => 
lerna(verbose) FileSystemUtilities.writeFileSync("./packages/rad-popover/package.json", "{\n  \"name\": \"rad-popover\",\n  \"version\": \"0.0.3\",\n...)
lerna(verbose) FileSystemUtilities.writeFileSync("./packages/rad-popover/package.json", "{\n  \"name\": \"rad-popover\",\n  \"version\": \"0.0.3\",\n...) => 
lerna(verbose) FileSystemUtilities.writeFileSync("./packages/rad-stepper/package.json", "{\n  \"name\": \"rad-stepper\",\n  \"version\": \"0.0.3\",\n...)
lerna(verbose) FileSystemUtilities.writeFileSync("./packages/rad-stepper/package.json", "{\n  \"name\": \"rad-stepper\",\n  \"version\": \"0.0.3\",\n...) => 
lerna(verbose) FileSystemUtilities.writeFileSync("./packages/rad-tabs/package.json", "{\n  \"name\": \"rad-tabs\",\n  \"version\": \"0.0.3\",\n  \"de...)
lerna(verbose) FileSystemUtilities.writeFileSync("./packages/rad-tabs/package.json", "{\n  \"name\": \"rad-tabs\",\n  \"version\": \"0.0.3\",\n  \"de...) => 
lerna(verbose) GitUtilities.addFile          ("./packages/rad-card/package.json", 0, ["./packages/rad-card/package.json","/Users/kennetpostigo/Pro...)
lerna(verbose) GitUtilities.addFile          ("./packages/rad-card/package.json", 0, ["./packages/rad-card/package.json","/Users/kennetpostigo/Pro...) => 
lerna(verbose) GitUtilities.addFile          ("./packages/rad-codehighlighter/package.json", 1, ["./packages/rad-card/package.json","/Users/kennet...)
lerna(verbose) GitUtilities.addFile          ("./packages/rad-codehighlighter/package.json", 1, ["./packages/rad-card/package.json","/Users/kennet...) => 
lerna(verbose) GitUtilities.addFile          ("./packages/rad-components/package.json", 2, ["./packages/rad-card/package.json","/Users/kennetposti...)
lerna(verbose) GitUtilities.addFile          ("./packages/rad-components/package.json", 2, ["./packages/rad-card/package.json","/Users/kennetposti...) => 
lerna(verbose) GitUtilities.addFile          ("./packages/rad-modal/package.json", 3, ["./packages/rad-card/package.json","/Users/kennetpostigo/Pr...)
lerna(verbose) GitUtilities.addFile          ("./packages/rad-modal/package.json", 3, ["./packages/rad-card/package.json","/Users/kennetpostigo/Pr...) => 
lerna(verbose) GitUtilities.addFile          ("./packages/rad-navbar/package.json", 4, ["./packages/rad-card/package.json","/Users/kennetpostigo/P...)
lerna(error)   GitUtilities.addFile          ("./packages/rad-navbar/package.json", 4, ["./packages/rad-card/package.json","/Users/kennetpostigo/P...)
    Error: Command failed: git add /Users/kennetpostigo/Projects/rad-components/packages/rad-navbar/package.json
    fatal: Unable to create '/Users/kennetpostigo/Projects/rad-components/.git/index.lock': File exists.
    
    Another git process seems to be running in this repository, e.g.
    an editor opened by 'git commit'. Please make sure all processes
    are terminated then try again. If it still fails, a git process
    may have crashed in this repository earlier:
    remove the file manually to continue.
    
        at checkExecSyncError (child_process.js:490:13)
        at Object.execSync (child_process.js:530:13)
        at Function.execSync (/Users/kennetpostigo/.config/yarn/global/node_modules/lerna/lib/ChildProcessUtilities.js:76:40)
        at addFile (/Users/kennetpostigo/.config/yarn/global/node_modules/lerna/lib/GitUtilities.js:75:39)
        at descriptor.value (/Users/kennetpostigo/.config/yarn/global/node_modules/lerna/lib/logger.js:143:33)
        at Array.forEach (native)
        at PublishCommand.updateUpdatedPackages (/Users/kennetpostigo/.config/yarn/global/node_modules/lerna/lib/commands/PublishCommand.js:353:22)
        at PublishCommand.execute (/Users/kennetpostigo/.config/yarn/global/node_modules/lerna/lib/commands/PublishCommand.js:146:14)
        at PublishCommand._attempt (/Users/kennetpostigo/.config/yarn/global/node_modules/lerna/lib/Command.js:166:21)
        at /Users/kennetpostigo/.config/yarn/global/node_modules/lerna/lib/Command.js:151:15
lerna(error)   Errored while running PublishCommand.execute
